\BOOKMARK [1][-]{Doc-Start}{\376\377\000P\000r\000e\000f\000a\000c\000e\000:\000\040\000H\000e\000l\000l\000o\000\040\000L\000i\000n\000u\000x\000!}{}% 1
\BOOKMARK [1][-]{section.1}{\376\377\000B\000a\000s\000i\000c\000\040\000C\000o\000m\000m\000a\000n\000d\000s}{}% 2
\BOOKMARK [2][-]{subsection.1.1}{\376\377\000H\000o\000w\000\040\000t\000o\000\040\000i\000n\000s\000t\000a\000l\000l\000\040\000D\000e\000b\000i\000a\000n\000\040\000o\000n\000\040\000W\000i\000n\000d\000o\000w\000s}{section.1}% 3
\BOOKMARK [3][-]{subsubsection.1.1.1}{\376\377\000V\000M\000w\000a\000r\000e\000\040\000d\000i\000d\000n\000'\000t\000\040\000m\000e\000e\000t\000\040\000m\000y\000\040\000e\000x\000p\000e\000c\000t\000a\000t\000i\000o\000n}{subsection.1.1}% 4
\BOOKMARK [3][-]{subsubsection.1.1.2}{\376\377\000W\000S\000L}{subsection.1.1}% 5
\BOOKMARK [2][-]{subsection.1.2}{\376\377\000C\000+\000+\000\040\000\046\000\040\000P\000y\000t\000h\000o\000n\000\040\000E\000n\000v\000i\000r\000o\000n\000m\000e\000n\000t\000\040\000C\000o\000n\000f\000i\000g\000u\000r\000a\000t\000i\000o\000n\000\040\000o\000n\000\040\000L\000i\000n\000u\000x}{section.1}% 6
\BOOKMARK [3][-]{subsubsection.1.2.1}{\376\377\000C\000+\000+}{subsection.1.2}% 7
\BOOKMARK [3][-]{subsubsection.1.2.2}{\376\377\000P\000y\000t\000h\000o\000n}{subsection.1.2}% 8
\BOOKMARK [2][-]{subsection.1.3}{\376\377\000H\000o\000w\000\040\000t\000o\000\040\000e\000d\000i\000t\000\040\000f\000i\000l\000e\000s\000\040\000o\000n\000\040\000L\000i\000n\000u\000x}{section.1}% 9
\BOOKMARK [3][-]{subsubsection.1.3.1}{\376\377\000B\000r\000i\000e\000f}{subsection.1.3}% 10
\BOOKMARK [3][-]{subsubsection.1.3.2}{\376\377\000V\000i\000m}{subsection.1.3}% 11
\BOOKMARK [3][-]{subsubsection.1.3.3}{\376\377\000O\000t\000h\000e\000r\000\040\000T\000o\000o\000l\000s}{subsection.1.3}% 12
\BOOKMARK [2][-]{subsection.1.4}{\376\377\000D\000i\000r\000e\000c\000t\000o\000r\000y\000\040\000s\000t\000r\000u\000c\000t\000u\000r\000e}{section.1}% 13
\BOOKMARK [3][-]{subsubsection.1.4.1}{\376\377\000T\000o\000p\000\040\000l\000e\000v\000e\000l\000\040\000d\000i\000r\000e\000c\000t\000o\000r\000y}{subsection.1.4}% 14
\BOOKMARK [3][-]{subsubsection.1.4.2}{\376\377\000A\000b\000s\000o\000l\000u\000t\000e\000\040\000p\000a\000t\000h\000\040\000a\000n\000d\000\040\000r\000e\000l\000a\000t\000i\000v\000e\000\040\000p\000a\000t\000h}{subsection.1.4}% 15
\BOOKMARK [3][-]{subsubsection.1.4.3}{\376\377\000S\000p\000e\000c\000i\000a\000l\000\040\000p\000a\000t\000h\000\040\000s\000y\000m\000b\000o\000l\000s}{subsection.1.4}% 16
\BOOKMARK [3][-]{subsubsection.1.4.4}{\376\377\000D\000i\000r\000e\000c\000t\000o\000r\000y\000\040\000C\000o\000m\000m\000a\000n\000d\000s}{subsection.1.4}% 17
\BOOKMARK [2][-]{subsection.1.5}{\376\377\000L\000i\000n\000u\000x\000\040\000f\000i\000l\000e\000\040\000c\000o\000m\000m\000a\000n\000d\000s}{section.1}% 18
\BOOKMARK [3][-]{subsubsection.1.5.1}{\376\377\000t\000o\000u\000c\000h\000\040\000c\000a\000t\000\040\000m\000o\000r\000e}{subsection.1.5}% 19
\BOOKMARK [3][-]{subsubsection.1.5.2}{\376\377\000c\000p\000\040\000m\000v}{subsection.1.5}% 20
\BOOKMARK [3][-]{subsubsection.1.5.3}{\376\377\000r\000m}{subsection.1.5}% 21
\BOOKMARK [3][-]{subsubsection.1.5.4}{\376\377\000w\000h\000i\000c\000h}{subsection.1.5}% 22
\BOOKMARK [3][-]{subsubsection.1.5.5}{\376\377\000f\000i\000n\000d}{subsection.1.5}% 23
\BOOKMARK [3][-]{subsubsection.1.5.6}{\376\377\000g\000r\000e\000p}{subsection.1.5}% 24
\BOOKMARK [3][-]{subsubsection.1.5.7}{\376\377\000w\000c}{subsection.1.5}% 25
\BOOKMARK [3][-]{subsubsection.1.5.8}{\376\377\000e\000c\000h\000o}{subsection.1.5}% 26
\BOOKMARK [3][-]{subsubsection.1.5.9}{\376\377\000t\000a\000i\000l}{subsection.1.5}% 27
\BOOKMARK [2][-]{subsection.1.6}{\376\377\000L\000i\000n\000u\000x\000\040\000u\000s\000e\000r\000\040\000a\000n\000d\000\040\000p\000e\000r\000m\000i\000s\000s\000i\000o\000n\000\040\000c\000o\000m\000m\000a\000n\000d\000s}{section.1}% 28
\BOOKMARK [3][-]{subsubsection.1.6.1}{\376\377\000P\000e\000r\000m\000i\000s\000s\000i\000o\000n\000\040\000i\000n\000f\000o\000r\000m\000a\000t\000i\000o\000n}{subsection.1.6}% 29
\BOOKMARK [3][-]{subsubsection.1.6.2}{\376\377\000u\000s\000e\000r\000\040\000a\000n\000d\000\040\000u\000s\000e\000r\000\040\000g\000r\000o\000u\000p}{subsection.1.6}% 30
\BOOKMARK [3][-]{subsubsection.1.6.3}{\376\377\000c\000h\000m\000o\000d}{subsection.1.6}% 31
\BOOKMARK [3][-]{subsubsection.1.6.4}{\376\377\000c\000h\000o\000w\000n}{subsection.1.6}% 32
\BOOKMARK [2][-]{subsection.1.7}{\376\377\000T\000r\000i\000c\000k\000s\000\040\000f\000o\000r\000\040\000a\000\040\000r\000e\000a\000l\000\040\000L\000i\000n\000u\000x\000e\000r}{section.1}% 33
\BOOKMARK [3][-]{subsubsection.1.7.1}{\376\377\000c\000l\000e\000a\000r}{subsection.1.7}% 34
\BOOKMARK [3][-]{subsubsection.1.7.2}{\376\377\000t\000a\000b}{subsection.1.7}% 35
\BOOKMARK [3][-]{subsubsection.1.7.3}{\376\377\000S\000e\000a\000r\000c\000h\000\040\000f\000o\000r\000\040\000c\000o\000m\000m\000a\000n\000d\000s\000\040\000w\000i\000t\000h\000\040\041\221\000\040\000a\000n\000d\000\040\041\223}{subsection.1.7}% 36
\BOOKMARK [3][-]{subsubsection.1.7.4}{\376\377\000h\000i\000s\000t\000o\000r\000y}{subsection.1.7}% 37
\BOOKMARK [3][-]{subsubsection.1.7.5}{\376\377\000l\000l}{subsection.1.7}% 38
\BOOKMARK [3][-]{subsubsection.1.7.6}{\376\377\000C\000t\000r\000l\000\040\000c\000o\000m\000b\000i\000n\000a\000t\000i\000o\000n\000\040\000k\000e\000y\000s}{subsection.1.7}% 39
\BOOKMARK [2][-]{subsection.1.8}{\376\377\000S\000o\000m\000e\000\040\000t\000r\000i\000v\000i\000a\000l\000\040\000c\000o\000n\000t\000e\000n\000t\000s\000\040\000o\000n\000\040\000L\000i\000n\000u\000x}{section.1}% 40
\BOOKMARK [3][-]{subsubsection.1.8.1}{\376\377\000I\000n\000s\000t\000a\000l\000l\000i\000n\000g\000\040\000s\000o\000f\000t\000w\000a\000r\000e\000s}{subsection.1.8}% 41
\BOOKMARK [3][-]{subsubsection.1.8.2}{\376\377\000S\000o\000f\000t\000\040\000l\000i\000n\000k}{subsection.1.8}% 42
\BOOKMARK [3][-]{subsubsection.1.8.3}{\376\377\000d\000a\000t\000e}{subsection.1.8}% 43
\BOOKMARK [2][-]{subsection.1.9}{\376\377\000N\000e\000t\000w\000o\000r\000k\000\040\000c\000o\000m\000m\000a\000n\000d\000s\000\040\000o\000n\000\040\000L\000i\000n\000u\000x}{section.1}% 44
\BOOKMARK [3][-]{subsubsection.1.9.1}{\376\377\000h\000o\000s\000t\000n\000a\000m\000e\000\040\000a\000n\000d\000\040\000I\000P}{subsection.1.9}% 45
\BOOKMARK [3][-]{subsubsection.1.9.2}{\376\377\000p\000i\000n\000g}{subsection.1.9}% 46
\BOOKMARK [3][-]{subsubsection.1.9.3}{\376\377\000w\000g\000e\000t}{subsection.1.9}% 47
\BOOKMARK [3][-]{subsubsection.1.9.4}{\376\377\000c\000u\000r\000l}{subsection.1.9}% 48
\BOOKMARK [3][-]{subsubsection.1.9.5}{\376\377\000P\000o\000r\000t}{subsection.1.9}% 49
\BOOKMARK [2][-]{subsection.1.10}{\376\377\000L\000i\000n\000u\000x\000\040\000p\000r\000o\000c\000e\000s\000s\000\040\000c\000o\000m\000m\000a\000n\000d\000s}{section.1}% 50
\BOOKMARK [3][-]{subsubsection.1.10.1}{\376\377\000P\000r\000o\000c\000e\000s\000s}{subsection.1.10}% 51
\BOOKMARK [3][-]{subsubsection.1.10.2}{\376\377\000p\000s}{subsection.1.10}% 52
\BOOKMARK [3][-]{subsubsection.1.10.3}{\376\377\000p\000s\000t\000r\000e\000e}{subsection.1.10}% 53
\BOOKMARK [3][-]{subsubsection.1.10.4}{\376\377\000k\000i\000l\000l}{subsection.1.10}% 54
\BOOKMARK [3][-]{subsubsection.1.10.5}{\376\377\000t\000o\000p}{subsection.1.10}% 55
\BOOKMARK [2][-]{subsection.1.11}{\376\377\000L\000i\000n\000u\000x\000\040\000e\000n\000v\000i\000r\000o\000n\000m\000e\000n\000t\000\040\000v\000a\000r\000i\000a\000b\000l\000e\000s}{section.1}% 56
\BOOKMARK [3][-]{subsubsection.1.11.1}{\376\377\000E\000n\000v\000i\000r\000o\000n\000m\000e\000n\000t\000\040\000v\000a\000r\000i\000a\000b\000l\000e}{subsection.1.11}% 57
\BOOKMARK [3][-]{subsubsection.1.11.2}{\376\377\000e\000n\000v}{subsection.1.11}% 58
\BOOKMARK [3][-]{subsubsection.1.11.3}{\376\377\000\044}{subsection.1.11}% 59
\BOOKMARK [3][-]{subsubsection.1.11.4}{\376\377\000A\000d\000d\000\040\000e\000n\000v\000i\000r\000o\000n\000m\000e\000n\000t\000\040\000v\000a\000r\000i\000a\000b\000l\000e\000s}{subsection.1.11}% 60
\BOOKMARK [2][-]{subsection.1.12}{\376\377\000L\000i\000n\000u\000x\000\040\000c\000o\000m\000p\000r\000e\000s\000s\000i\000o\000n\000\040\000c\000o\000m\000m\000a\000n\000d\000s}{section.1}% 61
\BOOKMARK [3][-]{subsubsection.1.12.1}{\376\377\000M\000u\000r\000m\000u\000r\000s}{subsection.1.12}% 62
\BOOKMARK [3][-]{subsubsection.1.12.2}{\376\377\000t\000a\000r}{subsection.1.12}% 63
\BOOKMARK [3][-]{subsubsection.1.12.3}{\376\377\000M\000o\000r\000e\000\040\000t\000o\000\040\000s\000a\000y}{subsection.1.12}% 64
\BOOKMARK [1][-]{section.2}{\376\377\000A\000d\000v\000a\000n\000c\000e\000d\000\040\000U\000s\000a\000g\000e}{}% 65
\BOOKMARK [2][-]{subsection.2.1}{\376\377\000S\000H\000I\000T\000,\000\040\000I\000\040\000f\000o\000r\000g\000o\000t\000\040\000m\000y\000\040\000p\000a\000s\000s\000w\000o\000r\000d\000\040\000a\000g\000a\000i\000n\000!}{section.2}% 66
\BOOKMARK [3][-]{subsubsection.2.1.1}{\376\377\000W\000S\000L}{subsection.2.1}% 67
\BOOKMARK [3][-]{subsubsection.2.1.2}{\376\377\000N\000o\000t\000\040\000W\000S\000L\000?}{subsection.2.1}% 68
\BOOKMARK [2][-]{subsection.2.2}{\376\377\000M\000o\000b\000a\000X\000t\000e\000r\000m\000,\000\040\000g\000o\000\040\000s\000s\000h\000\040\000i\000t\000!}{section.2}% 69
\BOOKMARK [3][-]{subsubsection.2.2.1}{\376\377\000B\000e\000f\000o\000r\000e\000\040\000t\000h\000e\000\040\000b\000e\000g\000i\000n\000n\000i\000n\000g}{subsection.2.2}% 70
\BOOKMARK [3][-]{subsubsection.2.2.2}{\376\377\000D\000o\000w\000n\000l\000o\000a\000d\000i\000n\000g\000\040\000a\000n\000d\000\040\000c\000r\000a\000c\000k\000i\000n\000g}{subsection.2.2}% 71
\BOOKMARK [3][-]{subsubsection.2.2.3}{\376\377\000U\000s\000a\000g\000e}{subsection.2.2}% 72
\BOOKMARK [2][-]{subsection.2.3}{\376\377\000I\000\040\000u\000p\000g\000r\000a\000d\000e\000d\000\040\000a\000l\000o\000n\000e}{section.2}% 73
\BOOKMARK [3][-]{subsubsection.2.3.1}{\376\377\000B\000e\000f\000o\000r\000e\000\040\000t\000h\000e\000\040\000b\000e\000g\000i\000n\000n\000i\000n\000g}{subsection.2.3}% 74
\BOOKMARK [3][-]{subsubsection.2.3.2}{\376\377\000U\000p\000g\000r\000a\000d\000i\000n\000g}{subsection.2.3}% 75
\BOOKMARK [3][-]{subsubsection.2.3.3}{\376\377\000E\000x\000a\000m\000i\000n\000e\000\040\000a\000p\000t}{subsection.2.3}% 76
\BOOKMARK [3][-]{subsubsection.2.3.4}{\376\377\000T\000o\000\040\000t\000h\000e\000\040\000e\000n\000d}{subsection.2.3}% 77
\BOOKMARK [2][-]{subsection.2.4}{\376\377\000N\000o\000,\000\040\000t\000h\000e\000\040\000C\000\040\000d\000r\000i\000v\000e\000\040\000i\000s\000\040\000a\000l\000m\000o\000s\000t\000\040\000f\000u\000l\000l\000!}{section.2}% 78
\BOOKMARK [3][-]{subsubsection.2.4.1}{\376\377\000L\000o\000g\000s\000,\000\040\000t\000e\000m\000p\000o\000r\000a\000r\000y\000\040\000f\000i\000l\000e\000s\000\040\000a\000n\000d\000\040\000c\000a\000c\000h\000e}{subsection.2.4}% 79
\BOOKMARK [3][-]{subsubsection.2.4.2}{\376\377\000T\000r\000a\000n\000s\000f\000e\000r\000\040\000W\000S\000L\000\040\000o\000u\000t\000\040\000o\000f\000\040\000C\000\040\000d\000r\000i\000v\000e}{subsection.2.4}% 80
\BOOKMARK [2][-]{subsection.2.5}{\376\377\000W\000h\000a\000t\000'\000s\000\040\000t\000h\000e\000\040\000f\000i\000r\000s\000t\000\040\000w\000o\000r\000d\000\040\000w\000h\000e\000n\000\040\000m\000e\000s\000s\000i\000n\000g\000\040\000u\000p\000\040\000a\000\040\000c\000o\000m\000m\000a\000n\000d}{section.2}% 81
\BOOKMARK [3][-]{subsubsection.2.5.1}{\376\377\000B\000e\000f\000o\000r\000e\000\040\000t\000h\000e\000\040\000b\000e\000g\000i\000n\000n\000i\000n\000g}{subsection.2.5}% 82
\BOOKMARK [3][-]{subsubsection.2.5.2}{\376\377\000t\000h\000e\000f\000u\000c\000k}{subsection.2.5}% 83
\BOOKMARK [3][-]{subsubsection.2.5.3}{\376\377\000P\000a\000y\000\040\000R\000e\000s\000p\000e\000c\000t\000s}{subsection.2.5}% 84
\BOOKMARK [2][-]{subsection.2.6}{\376\377\000T\000h\000e\000\040\000w\000a\000y\000\040\000t\000o\000\040\000p\000r\000e\000t\000e\000n\000d\000\040\000B}{section.2}% 85
\BOOKMARK [3][-]{subsubsection.2.6.1}{\376\377\000f\000a\000s\000t\000f\000e\000t\000c\000h}{subsection.2.6}% 86
\BOOKMARK [3][-]{subsubsection.2.6.2}{\376\377\000b\000t\000o\000p}{subsection.2.6}% 87
\BOOKMARK [3][-]{subsubsection.2.6.3}{\376\377\000f\000z\000f}{subsection.2.6}% 88
\BOOKMARK [2][-]{subsection.2.7}{\376\377\000I\000'\000d\000\040\000r\000a\000t\000h\000e\000r\000\040\000b\000e\000\040\000a\000\040\000b\000o\000o\000k\000w\000o\000r\000m}{section.2}% 89
\BOOKMARK [3][-]{subsubsection.2.7.1}{\376\377\000U\000b\000u\000n\000t\000u\000\040\000w\000a\000s\000\040\000s\000u\000p\000p\000o\000s\000e\000d\000\040\000t\000o\000\040\000d\000i\000e}{subsection.2.7}% 90
\BOOKMARK [3][-]{subsubsection.2.7.2}{\376\377\000C\000l\000e\000a\000n\000\040\000u\000p\000\040\000o\000u\000r\000\040\000a\000c\000t}{subsection.2.7}% 91
\BOOKMARK [2][-]{subsection.2.8}{\376\377\000R\000e\000t\000u\000r\000n\000\040\000t\000o\000\040\000P\000a\000r\000a\000d\000i\000s\000e}{section.2}% 92
\BOOKMARK [3][-]{subsubsection.2.8.1}{\376\377\000B\000e\000f\000o\000r\000e\000\040\000t\000h\000e\000\040\000b\000e\000g\000i\000n\000n\000i\000n\000g}{subsection.2.8}% 93
\BOOKMARK [3][-]{subsubsection.2.8.2}{\376\377\000I\000n\000s\000t\000a\000l\000l\000a\000t\000i\000o\000n}{subsection.2.8}% 94
\BOOKMARK [3][-]{subsubsection.2.8.3}{\376\377\000R\000u\000n}{subsection.2.8}% 95
\BOOKMARK [1][-]{section.3}{\376\377\000D\000u\000a\000l\000\040\000O\000S}{}% 96
\BOOKMARK [2][-]{subsection.3.1}{\376\377\000S\000e\000e\000k\000\040\000c\000o\000m\000m\000o\000n\000\040\000g\000r\000o\000u\000n\000d\000\040\000w\000h\000i\000l\000e\000\040\000r\000e\000s\000e\000r\000v\000i\000n\000g\000\040\000d\000i\000f\000f\000e\000r\000e\000n\000c\000e\000s}{section.3}% 97
\BOOKMARK [3][-]{subsubsection.3.1.1}{\376\377\000D\000r\000u\000n\000b\000i\000n\000g\000\040\000T\000i\000m\000e}{subsection.3.1}% 98
\BOOKMARK [3][-]{subsubsection.3.1.2}{\376\377\000H\000o\000w\000\040\000t\000o\000\040\000m\000a\000r\000r\000y\000\040\000D\000e\000b\000i\000a\000n}{subsection.3.1}% 99
\BOOKMARK [2][-]{subsection.3.2}{\376\377\000D\000e\000c\000o\000r\000a\000t\000e\000\040\000y\000o\000u\000r\000\040\000o\000w\000n\000\040\000g\000a\000r\000d\000e\000n}{section.3}% 100
\BOOKMARK [3][-]{subsubsection.3.2.1}{\376\377\000A\000c\000h\000i\000e\000v\000e\000m\000e\000n\000t}{subsection.3.2}% 101
\BOOKMARK [3][-]{subsubsection.3.2.2}{\376\377\000S\000o\000m\000e\000\040\000o\000f\000\040\000m\000y\000\040\000r\000e\000c\000o\000m\000m\000e\000n\000d\000a\000t\000i\000o\000n\000s}{subsection.3.2}% 102
\BOOKMARK [3][-]{subsubsection.3.2.3}{\376\377\000O\000t\000h\000e\000r\000\040\000s\000o\000f\000t\000w\000a\000r\000e\000s}{subsection.3.2}% 103
\BOOKMARK [1][-]{paragraph*.147}{\376\377\000A\000f\000t\000e\000r\000w\000a\000r\000d\000s\000:\000\040\000M\000o\000r\000e\000\040\000t\000h\000a\000n\000\040\000a\000n\000\040\000O\000S}{}% 104
